<?xml version="1.0" encoding="UTF-8"?>
<!-- Generated by org.testng.reporters.JUnitReportReporter -->
<testsuite skipped="0" hostname="LAPTOP-OEV267RT" name="JenkinPackage1.Jenkinclass1" tests="1" failures="0" timestamp="19 Jun 2018 06:16:35 GMT" time="84.817" errors="0">
  <testcase name="login" time="84.817" classname="JenkinPackage1.Jenkinclass1"/>
</testsuite> <!-- JenkinPackage1.Jenkinclass1 -->
